#
# A fatal error has been detected by the Java Runtime Environment:
#
#  EXCEPTION_ACCESS_VIOLATION (0xc0000005) at pc=0x00000001800023c0, pid=3276, tid=0x0000000000000c20
#
# JRE version: Java(TM) SE Runtime Environment (8.0_111-b14) (build 1.8.0_111-b14)
# Java VM: Java HotSpot(TM) 64-Bit Server VM (25.111-b14 mixed mode windows-amd64 compressed oops)
# Problematic frame:
# C  0x00000001800023c0
#
# Failed to write core dump. Minidumps are not enabled by default on client versions of Windows
#
# If you would like to submit a bug report, please visit:
#   http://bugreport.java.com/bugreport/crash.jsp
# The crash happened outside the Java Virtual Machine in native code.
# See problematic frame for where to report the bug.
#

---------------  T H R E A D  ---------------

Current thread (0x0000000020364000):  JavaThread "Thread-10" daemon [_thread_in_native, id=3104, stack(0x0000000022c60000,0x0000000022d60000)]

siginfo: ExceptionCode=0xc0000005, ExceptionInformation=0x0000000000000008 0x00000001800023c0

Registers:
RAX=0x00000001800023c0, RBX=0x0000000021cc1728, RCX=0x00000000203641f8, RDX=0x0000000022d5e740
RSP=0x0000000022d5e6a8, RBP=0x0000000022d5e730, RSI=0x00000000f8002267, RDI=0x00000000001a6ce0
R8 =0x0000000077087870, R9 =0x0000000000000001, R10=0x0000000002437f48, R11=0x00000000630ab580
R12=0x0000000000000000, R13=0x0000000021cc1728, R14=0x0000000022d5e768, R15=0x0000000020364000
RIP=0x00000001800023c0, EFLAGS=0x0000000000010202

Top of Stack: (sp=0x0000000022d5e6a8)
0x0000000022d5e6a8:   0000000002437f74 000000001b6fc338
0x0000000022d5e6b8:   0000000000000003 0000000021cbf500
0x0000000022d5e6c8:   0000000000000000 0000000022d5e750
0x0000000022d5e6d8:   00000006c2a26448 0000000002427da0
0x0000000022d5e6e8:   0000000000000001 0000000022d5e6f0
0x0000000022d5e6f8:   0000000000000000 0000000022d5e768
0x0000000022d5e708:   0000000021cc46d0 0000000000000000
0x0000000022d5e718:   0000000021cc1728 0000000000000000
0x0000000022d5e728:   0000000022d5e750 0000000022d5e7c0
0x0000000022d5e738:   0000000002427da0 00000006c2ab4638
0x0000000022d5e748:   00000000024319d6 000000076c0384c0
0x0000000022d5e758:   0000000000000001 0000000077087870
0x0000000022d5e768:   0000000021cb5be8 000000076c038518
0x0000000022d5e778:   000000076c038518 0000000022d5e780
0x0000000022d5e788:   0000000021d10b5d 0000000022d5e810
0x0000000022d5e798:   0000000022224e68 0000000000000000 

Instructions: (pc=0x00000001800023c0)
0x00000001800023a0:   
[error occurred during error reporting (printing registers, top of stack, instructions near pc), id 0xc0000005]

Register to memory mapping:

RAX=0x00000001800023c0 is an unknown value
RBX={method} {0x0000000021cc1730} 'invokeInt' '(JI[Ljava/lang/Object;)I' in 'com/sun/jna/Native'
RCX=0x00000000203641f8 is an unknown value
RDX=0x0000000022d5e740 is pointing into the stack for thread: 0x0000000020364000
RSP=0x0000000022d5e6a8 is pointing into the stack for thread: 0x0000000020364000
RBP=0x0000000022d5e730 is pointing into the stack for thread: 0x0000000020364000
RSI=0x00000000f8002267 is an unknown value
RDI=0x00000000001a6ce0 is an unknown value
R8 =0x0000000077087870 is an unknown value
R9 =0x0000000000000001 is an unknown value
R10=0x0000000002437f48 is at code_begin+840 in an Interpreter codelet
method entry point (kind = native)  [0x0000000002437c00, 0x0000000002438560]  2400 bytes
R11=0x00000000630ab580 is an unknown value
R12=0x0000000000000000 is an unknown value
R13={method} {0x0000000021cc1730} 'invokeInt' '(JI[Ljava/lang/Object;)I' in 'com/sun/jna/Native'
R14=0x0000000022d5e768 is pointing into the stack for thread: 0x0000000020364000
R15=0x0000000020364000 is a thread


Stack: [0x0000000022c60000,0x0000000022d60000],  sp=0x0000000022d5e6a8,  free space=1017k
Native frames: (J=compiled Java code, j=interpreted, Vv=VM code, C=native code)
C  0x00000001800023c0

Java frames: (J=compiled Java code, j=interpreted, Vv=VM code)
j  com.sun.jna.Native.invokeInt(JI[Ljava/lang/Object;)I+0
j  com.sun.jna.Function.invoke([Ljava/lang/Object;Ljava/lang/Class;Z)Ljava/lang/Object;+333
j  com.sun.jna.Function.invoke(Ljava/lang/Class;[Ljava/lang/Object;Ljava/util/Map;)Ljava/lang/Object;+214
j  com.sun.jna.Library$Handler.invoke(Ljava/lang/Object;Ljava/lang/reflect/Method;[Ljava/lang/Object;)Ljava/lang/Object;+341
j  com.sun.proxy.$Proxy10.GetProcessId(Lcom/sun/jna/platform/win32/WinNT$HANDLE;)I+16
j  org.openqa.selenium.os.ProcessUtils.killWinProcess(Ljava/lang/Process;)I+48
j  org.openqa.selenium.os.ProcessUtils.killProcess(Ljava/lang/Process;)I+7
j  org.openqa.selenium.os.UnixProcess$SeleniumWatchDog.destroyHarder()V+4
j  org.openqa.selenium.os.UnixProcess$SeleniumWatchDog.access$200(Lorg/openqa/selenium/os/UnixProcess$SeleniumWatchDog;)V+1
j  org.openqa.selenium.os.UnixProcess.destroy()I+65
j  org.openqa.selenium.os.CommandLine.destroy()I+4
j  org.openqa.selenium.firefox.FirefoxBinary.quit()V+11
j  org.openqa.selenium.firefox.internal.NewProfileExtensionConnection.quit()V+4
j  org.openqa.selenium.firefox.FirefoxDriver$LazyCommandExecutor.quit()V+11
j  org.openqa.selenium.firefox.FirefoxDriver.stopClient()V+7
j  org.openqa.selenium.remote.RemoteWebDriver.quit()V+13
j  com.codeborne.selenide.impl.WebDriverThreadLocalContainer$CloseBrowser.run()V+40
j  java.lang.Thread.run()V+11
v  ~StubRoutines::call_stub

---------------  P R O C E S S  ---------------

Java Threads: ( => current thread )
=>0x0000000020364000 JavaThread "Thread-10" daemon [_thread_in_native, id=3104, stack(0x0000000022c60000,0x0000000022d60000)]
  0x0000000020361000 JavaThread "Thread-4" [_thread_blocked, id=6892, stack(0x0000000020f30000,0x0000000021030000)]
  0x0000000020360000 JavaThread "Thread-2" [_thread_in_native, id=5832, stack(0x00000000227d0000,0x00000000228d0000)]
  0x000000002035e000 JavaThread "Exec Stream Pumper" daemon [_thread_in_native, id=6208, stack(0x0000000022410000,0x0000000022510000)]
  0x000000002035e800 JavaThread "Exec Stream Pumper" daemon [_thread_in_native, id=6548, stack(0x0000000022060000,0x0000000022160000)]
  0x000000002035d000 JavaThread "Exec Default Executor" daemon [_thread_in_native, id=6404, stack(0x0000000021130000,0x0000000021230000)]
  0x00000000200db800 JavaThread "Webdrivers killer thread" daemon [_thread_blocked, id=4432, stack(0x0000000021f50000,0x0000000022050000)]
  0x000000001d271000 JavaThread "Monitor Ctrl-Break" daemon [_thread_in_native, id=7072, stack(0x000000001f200000,0x000000001f300000)]
  0x000000001d23b800 JavaThread "Service Thread" daemon [_thread_blocked, id=3964, stack(0x000000001ee60000,0x000000001ef60000)]
  0x000000001d1a8000 JavaThread "C1 CompilerThread3" daemon [_thread_blocked, id=1624, stack(0x000000001ed20000,0x000000001ee20000)]
  0x000000001d1a6800 JavaThread "C2 CompilerThread2" daemon [_thread_blocked, id=6296, stack(0x000000001ebc0000,0x000000001ecc0000)]
  0x000000001d199800 JavaThread "C2 CompilerThread1" daemon [_thread_blocked, id=5284, stack(0x000000001e6b0000,0x000000001e7b0000)]
  0x000000001d195000 JavaThread "C2 CompilerThread0" daemon [_thread_blocked, id=7064, stack(0x000000001e9f0000,0x000000001eaf0000)]
  0x000000001d192000 JavaThread "Attach Listener" daemon [_thread_blocked, id=3432, stack(0x000000001e820000,0x000000001e920000)]
  0x000000001d1a0000 JavaThread "Signal Dispatcher" daemon [_thread_blocked, id=5860, stack(0x000000001e570000,0x000000001e670000)]
  0x000000001c0e3800 JavaThread "Finalizer" daemon [_thread_blocked, id=6272, stack(0x000000001e1e0000,0x000000001e2e0000)]
  0x000000001c0dc800 JavaThread "Reference Handler" daemon [_thread_blocked, id=7028, stack(0x000000001e300000,0x000000001e400000)]
  0x0000000001e2a000 JavaThread "main" [_thread_blocked, id=3560, stack(0x0000000002050000,0x0000000002150000)]

Other Threads:
  0x000000001d142800 VMThread [stack: 0x000000001e0d0000,0x000000001e1d0000] [id=328]
  0x000000001d25a000 WatcherThread [stack: 0x000000001efd0000,0x000000001f0d0000] [id=6568]

VM state:not at safepoint (normal execution)

VM Mutex/Monitor currently owned by a thread: None

Heap:
 PSYoungGen      total 75776K, used 7582K [0x000000076b900000, 0x0000000770d80000, 0x00000007c0000000)
  eden space 65024K, 11% used [0x000000076b900000,0x000000076c067930,0x000000076f880000)
  from space 10752K, 0% used [0x0000000770300000,0x0000000770300000,0x0000000770d80000)
  to   space 10752K, 0% used [0x000000076f880000,0x000000076f880000,0x0000000770300000)
 ParOldGen       total 72704K, used 7301K [0x00000006c2a00000, 0x00000006c7100000, 0x000000076b900000)
  object space 72704K, 10% used [0x00000006c2a00000,0x00000006c3121598,0x00000006c7100000)
 Metaspace       used 21285K, capacity 21572K, committed 22016K, reserved 1069056K
  class space    used 2700K, capacity 2799K, committed 2816K, reserved 1048576K

Card table byte_map: [0x00000000117e0000,0x0000000011fd0000] byte_map_base: 0x000000000e1cb000

Marking Bits: (ParMarkBitMap*) 0x000000006369a6c0
 Begin Bits: [0x0000000013050000, 0x0000000016fa8000)
 End Bits:   [0x0000000016fa8000, 0x000000001af00000)

Polling page: 0x0000000000230000

CodeCache: size=245760Kb used=6748Kb max_used=6748Kb free=239011Kb
 bounds [0x0000000002420000, 0x0000000002ac0000, 0x0000000011420000]
 total_blobs=2489 nmethods=2057 adapters=344
 compilation: enabled

Compilation events (10 events):
Event: 14.573 Thread 0x000000001d1a8000 2065       3       com.sun.xml.bind.v2.runtime.output.UTF8XmlOutput::write (73 bytes)
Event: 14.573 Thread 0x000000001d1a8000 nmethod 2065 0x0000000002abaa10 code [0x0000000002ababa0, 0x0000000002abb008]
Event: 14.576 Thread 0x000000001d1a8000 2066       3       java.lang.ThreadLocal$ThreadLocalMap$Entry::<init> (11 bytes)
Event: 14.576 Thread 0x000000001d1a8000 nmethod 2066 0x0000000002aba390 code [0x0000000002aba500, 0x0000000002aba870]
Event: 14.576 Thread 0x000000001d1a8000 2068       3       sun.reflect.DelegatingMethodAccessorImpl::invoke (10 bytes)
Event: 14.576 Thread 0x000000001d1a8000 nmethod 2068 0x0000000002ab9f10 code [0x0000000002aba080, 0x0000000002aba2a8]
Event: 14.577 Thread 0x000000001d1a8000 2067       3       sun.reflect.ReflectionFactory::checkInitted (19 bytes)
Event: 14.577 Thread 0x000000001d1a8000 nmethod 2067 0x0000000002ab99d0 code [0x0000000002ab9b40, 0x0000000002ab9e08]
Event: 14.577 Thread 0x000000001d1a8000 2069       3       java.net.Socket::isConnected (20 bytes)
Event: 14.577 Thread 0x000000001d1a8000 nmethod 2069 0x0000000002ab9610 code [0x0000000002ab9760, 0x0000000002ab9950]

GC Heap History (6 events):
Event: 4.375 GC heap before
{Heap before GC invocations=1 (full 0):
 PSYoungGen      total 75776K, used 65024K [0x000000076b900000, 0x0000000770d80000, 0x00000007c0000000)
  eden space 65024K, 100% used [0x000000076b900000,0x000000076f880000,0x000000076f880000)
  from space 10752K, 0% used [0x0000000770300000,0x0000000770300000,0x0000000770d80000)
  to   space 10752K, 0% used [0x000000076f880000,0x000000076f880000,0x0000000770300000)
 ParOldGen       total 173568K, used 0K [0x00000006c2a00000, 0x00000006cd380000, 0x000000076b900000)
  object space 173568K, 0% used [0x00000006c2a00000,0x00000006c2a00000,0x00000006cd380000)
 Metaspace       used 16210K, capacity 16464K, committed 16768K, reserved 1064960K
  class space    used 2021K, capacity 2087K, committed 2176K, reserved 1048576K
Event: 4.391 GC heap after
Heap after GC invocations=1 (full 0):
 PSYoungGen      total 75776K, used 8552K [0x000000076b900000, 0x0000000770d80000, 0x00000007c0000000)
  eden space 65024K, 0% used [0x000000076b900000,0x000000076b900000,0x000000076f880000)
  from space 10752K, 79% used [0x000000076f880000,0x00000007700da128,0x0000000770300000)
  to   space 10752K, 0% used [0x0000000770300000,0x0000000770300000,0x0000000770d80000)
 ParOldGen       total 173568K, used 80K [0x00000006c2a00000, 0x00000006cd380000, 0x000000076b900000)
  object space 173568K, 0% used [0x00000006c2a00000,0x00000006c2a14010,0x00000006cd380000)
 Metaspace       used 16210K, capacity 16464K, committed 16768K, reserved 1064960K
  class space    used 2021K, capacity 2087K, committed 2176K, reserved 1048576K
}
Event: 14.499 GC heap before
{Heap before GC invocations=2 (full 0):
 PSYoungGen      total 75776K, used 68463K [0x000000076b900000, 0x0000000770d80000, 0x00000007c0000000)
  eden space 65024K, 92% used [0x000000076b900000,0x000000076f381b50,0x000000076f880000)
  from space 10752K, 79% used [0x000000076f880000,0x00000007700da128,0x0000000770300000)
  to   space 10752K, 0% used [0x0000000770300000,0x0000000770300000,0x0000000770d80000)
 ParOldGen       total 173568K, used 80K [0x00000006c2a00000, 0x00000006cd380000, 0x000000076b900000)
  object space 173568K, 0% used [0x00000006c2a00000,0x00000006c2a14010,0x00000006cd380000)
 Metaspace       used 20770K, capacity 20946K, committed 21248K, reserved 1067008K
  class space    used 2618K, capacity 2700K, committed 2816K, reserved 1048576K
Event: 14.506 GC heap after
Heap after GC invocations=2 (full 0):
 PSYoungGen      total 75776K, used 7508K [0x000000076b900000, 0x0000000770d80000, 0x00000007c0000000)
  eden space 65024K, 0% used [0x000000076b900000,0x000000076b900000,0x000000076f880000)
  from space 10752K, 69% used [0x0000000770300000,0x0000000770a55290,0x0000000770d80000)
  to   space 10752K, 0% used [0x000000076f880000,0x000000076f880000,0x0000000770300000)
 ParOldGen       total 173568K, used 96K [0x00000006c2a00000, 0x00000006cd380000, 0x000000076b900000)
  object space 173568K, 0% used [0x00000006c2a00000,0x00000006c2a18010,0x00000006cd380000)
 Metaspace       used 20770K, capacity 20946K, committed 21248K, reserved 1067008K
  class space    used 2618K, capacity 2700K, committed 2816K, reserved 1048576K
}
Event: 14.506 GC heap before
{Heap before GC invocations=3 (full 1):
 PSYoungGen      total 75776K, used 7508K [0x000000076b900000, 0x0000000770d80000, 0x00000007c0000000)
  eden space 65024K, 0% used [0x000000076b900000,0x000000076b900000,0x000000076f880000)
  from space 10752K, 69% used [0x0000000770300000,0x0000000770a55290,0x0000000770d80000)
  to   space 10752K, 0% used [0x000000076f880000,0x000000076f880000,0x0000000770300000)
 ParOldGen       total 173568K, used 96K [0x00000006c2a00000, 0x00000006cd380000, 0x000000076b900000)
  object space 173568K, 0% used [0x00000006c2a00000,0x00000006c2a18010,0x00000006cd380000)
 Metaspace       used 20770K, capacity 20946K, committed 21248K, reserved 1067008K
  class space    used 2618K, capacity 2700K, committed 2816K, reserved 1048576K
Event: 14.532 GC heap after
Heap after GC invocations=3 (full 1):
 PSYoungGen      total 75776K, used 0K [0x000000076b900000, 0x0000000770d80000, 0x00000007c0000000)
  eden space 65024K, 0% used [0x000000076b900000,0x000000076b900000,0x000000076f880000)
  from space 10752K, 0% used [0x0000000770300000,0x0000000770300000,0x0000000770d80000)
  to   space 10752K, 0% used [0x000000076f880000,0x000000076f880000,0x0000000770300000)
 ParOldGen       total 72704K, used 7301K [0x00000006c2a00000, 0x00000006c7100000, 0x000000076b900000)
  object space 72704K, 10% used [0x00000006c2a00000,0x00000006c3121598,0x00000006c7100000)
 Metaspace       used 20770K, capacity 20946K, committed 21248K, reserved 1067008K
  class space    used 2618K, capacity 2700K, committed 2816K, reserved 1048576K
}

Deoptimization events (10 events):
Event: 1.449 Thread 0x0000000020073800 Uncommon trap: reason=unstable_if action=reinterpret pc=0x000000000281c6b8 method=org.openqa.selenium.io.CircularOutputStream.write(I)V @ 52
Event: 4.399 Thread 0x0000000001e2a000 Uncommon trap: reason=range_check action=make_not_entrant pc=0x00000000026b8ea8 method=sun.reflect.generics.parser.SignatureParser.current()C @ 34
Event: 4.824 Thread 0x0000000001e2a000 Uncommon trap: reason=class_check action=maybe_recompile pc=0x000000000255044c method=java.lang.String.equals(Ljava/lang/Object;)Z @ 8
Event: 4.824 Thread 0x0000000001e2a000 Uncommon trap: reason=class_check action=maybe_recompile pc=0x000000000255044c method=java.lang.String.equals(Ljava/lang/Object;)Z @ 8
Event: 7.521 Thread 0x0000000001e2a000 Uncommon trap: reason=class_check action=maybe_recompile pc=0x000000000295498c method=java.lang.AbstractStringBuilder.append(Ljava/lang/CharSequence;)Ljava/lang/AbstractStringBuilder; @ 37
Event: 7.521 Thread 0x0000000001e2a000 Uncommon trap: reason=class_check action=maybe_recompile pc=0x000000000295498c method=java.lang.AbstractStringBuilder.append(Ljava/lang/CharSequence;)Ljava/lang/AbstractStringBuilder; @ 37
Event: 7.521 Thread 0x0000000001e2a000 Uncommon trap: reason=class_check action=maybe_recompile pc=0x000000000295498c method=java.lang.AbstractStringBuilder.append(Ljava/lang/CharSequence;)Ljava/lang/AbstractStringBuilder; @ 37
Event: 7.521 Thread 0x0000000001e2a000 Uncommon trap: reason=class_check action=maybe_recompile pc=0x000000000295498c method=java.lang.AbstractStringBuilder.append(Ljava/lang/CharSequence;)Ljava/lang/AbstractStringBuilder; @ 37
Event: 7.953 Thread 0x0000000001e2a000 Uncommon trap: reason=class_check action=maybe_recompile pc=0x00000000029520f8 method=java.lang.AbstractStringBuilder.append(Ljava/lang/CharSequence;)Ljava/lang/AbstractStringBuilder; @ 26
Event: 7.953 Thread 0x0000000001e2a000 Uncommon trap: reason=class_check action=maybe_recompile pc=0x00000000029520f8 method=java.lang.AbstractStringBuilder.append(Ljava/lang/CharSequence;)Ljava/lang/AbstractStringBuilder; @ 26

Internal exceptions (10 events):
Event: 2.121 Thread 0x0000000001e2a000 Exception <a 'java/net/ConnectException': Connection refused: connect> (0x000000076f437860) thrown at [C:\re\workspace\8-2-build-windows-amd64-cygwin\jdk8u111\7883\hotspot\src\share\vm\prims\jni.cpp, line 735]
Event: 3.221 Thread 0x0000000001e2a000 Exception <a 'java/net/ConnectException': Connection refused: connect> (0x000000076f438ea8) thrown at [C:\re\workspace\8-2-build-windows-amd64-cygwin\jdk8u111\7883\hotspot\src\share\vm\prims\jni.cpp, line 735]
Event: 4.399 Thread 0x0000000001e2a000 Exception <a 'java/lang/ArrayIndexOutOfBoundsException': 90> (0x000000076b9e4588) thrown at [C:\re\workspace\8-2-build-windows-amd64-cygwin\jdk8u111\7883\hotspot\src\share\vm\interpreter\interpreterRuntime.cpp, line 366]
Event: 4.399 Thread 0x0000000001e2a000 Exception <a 'java/lang/ArrayIndexOutOfBoundsException': 105> (0x000000076b9e60e0) thrown at [C:\re\workspace\8-2-build-windows-amd64-cygwin\jdk8u111\7883\hotspot\src\share\vm\interpreter\interpreterRuntime.cpp, line 366]
Event: 4.399 Thread 0x0000000001e2a000 Exception <a 'java/lang/ArrayIndexOutOfBoundsException': 60> (0x000000076b9e7508) thrown at [C:\re\workspace\8-2-build-windows-amd64-cygwin\jdk8u111\7883\hotspot\src\share\vm\interpreter\interpreterRuntime.cpp, line 366]
Event: 7.593 Thread 0x000000001f5f3000 Exception <a 'java/lang/UnsatisfiedLinkError': The specified procedure could not be found.
> (0x000000076d366c70) thrown at [C:\re\workspace\8-2-build-windows-amd64-cygwin\jdk8u111\7883\hotspot\src\share\vm\prims\jni.cpp, line 735]
Event: 9.069 Thread 0x0000000001e2a000 Exception <a 'java/net/ConnectException': Connection refused: connect> (0x000000076db90d00) thrown at [C:\re\workspace\8-2-build-windows-amd64-cygwin\jdk8u111\7883\hotspot\src\share\vm\prims\jni.cpp, line 735]
Event: 10.169 Thread 0x0000000001e2a000 Exception <a 'java/net/ConnectException': Connection refused: connect> (0x000000076db92348) thrown at [C:\re\workspace\8-2-build-windows-amd64-cygwin\jdk8u111\7883\hotspot\src\share\vm\prims\jni.cpp, line 735]
Event: 14.397 Thread 0x0000000001e2a000 Exception <a 'java/lang/ClassNotFoundException': com/sun/org/glassfish/hk2/osgiresourcelocator/ServiceLoader> (0x000000076e723488) thrown at [C:\re\workspace\8-2-build-windows-amd64-cygwin\jdk8u111\7883\hotspot\src\share\vm\classfile\systemDictionary.cpp,
Event: 14.420 Thread 0x0000000001e2a000 Exception <a 'java/lang/NullPointerException'> (0x000000076eaa2f30) thrown at [C:\re\workspace\8-2-build-windows-amd64-cygwin\jdk8u111\7883\hotspot\src\share\vm\interpreter\linkResolver.cpp, line 1280]

Events (10 events):
Event: 14.576 Thread 0x0000000020363000 Thread added: 0x0000000020363000
Event: 14.576 Thread 0x0000000020364000 Thread added: 0x0000000020364000
Event: 14.576 Thread 0x0000000020363000 Thread exited: 0x0000000020363000
Event: 14.576 Thread 0x000000002035f800 Thread exited: 0x000000002035f800
Event: 14.576 Thread 0x0000000020362800 Thread exited: 0x0000000020362800
Event: 14.577 Thread 0x0000000020361800 Thread exited: 0x0000000020361800
Event: 14.580 Executing VM operation: RevokeBias
Event: 14.580 Executing VM operation: RevokeBias done
Event: 14.580 Executing VM operation: RevokeBias
Event: 14.580 Executing VM operation: RevokeBias done


Dynamic libraries:
0x000000013faf0000 - 0x000000013fb27000 	C:\Program Files\Java\jdk1.8.0_111\bin\java.exe
0x00000000772a0000 - 0x000000007744a000 	C:\Windows\SYSTEM32\ntdll.dll
0x0000000077080000 - 0x000000007719f000 	C:\Windows\system32\kernel32.dll
0x000007fefd320000 - 0x000007fefd38a000 	C:\Windows\system32\KERNELBASE.dll
0x0000000074cd0000 - 0x0000000074d59000 	C:\Windows\System32\SYSFER.DLL
0x000007fefd470000 - 0x000007fefd54b000 	C:\Windows\system32\ADVAPI32.dll
0x000007fefdee0000 - 0x000007fefdf7f000 	C:\Windows\system32\msvcrt.dll
0x000007fefe240000 - 0x000007fefe25f000 	C:\Windows\SYSTEM32\sechost.dll
0x000007fefe110000 - 0x000007fefe23d000 	C:\Windows\system32\RPCRT4.dll
0x00000000771a0000 - 0x000000007729a000 	C:\Windows\system32\USER32.dll
0x000007fefde70000 - 0x000007fefded7000 	C:\Windows\system32\GDI32.dll
0x000007fefde60000 - 0x000007fefde6e000 	C:\Windows\system32\LPK.dll
0x000007feff2d0000 - 0x000007feff39a000 	C:\Windows\system32\USP10.dll
0x000007fefb850000 - 0x000007fefba44000 	C:\Windows\WinSxS\amd64_microsoft.windows.common-controls_6595b64144ccf1df_6.0.7601.18837_none_fa3b1e3d17594757\COMCTL32.dll
0x000007fefddc0000 - 0x000007fefde31000 	C:\Windows\system32\SHLWAPI.dll
0x000007fefd920000 - 0x000007fefd94e000 	C:\Windows\system32\IMM32.DLL
0x000007fefdc10000 - 0x000007fefdd19000 	C:\Windows\system32\MSCTF.dll
0x0000000064920000 - 0x00000000649f2000 	C:\Program Files\Java\jdk1.8.0_111\jre\bin\msvcr100.dll
0x0000000062e80000 - 0x000000006371a000 	C:\Program Files\Java\jdk1.8.0_111\jre\bin\server\jvm.dll
0x000007fef6970000 - 0x000007fef6979000 	C:\Windows\system32\WSOCK32.dll
0x000007fefd9d0000 - 0x000007fefda1d000 	C:\Windows\system32\WS2_32.dll
0x000007fefdc00000 - 0x000007fefdc08000 	C:\Windows\system32\NSI.dll
0x000007fefada0000 - 0x000007fefaddb000 	C:\Windows\system32\WINMM.dll
0x000007fefc0b0000 - 0x000007fefc0bc000 	C:\Windows\system32\VERSION.dll
0x0000000077470000 - 0x0000000077477000 	C:\Windows\system32\PSAPI.DLL
0x0000000074680000 - 0x000000007468f000 	C:\Program Files\Java\jdk1.8.0_111\jre\bin\verify.dll
0x0000000074650000 - 0x0000000074679000 	C:\Program Files\Java\jdk1.8.0_111\jre\bin\java.dll
0x0000000074630000 - 0x0000000074646000 	C:\Program Files\Java\jdk1.8.0_111\jre\bin\zip.dll
0x000007fefe540000 - 0x000007feff2ca000 	C:\Windows\system32\SHELL32.dll
0x000007feff3a0000 - 0x000007feff5a3000 	C:\Windows\system32\ole32.dll
0x000007fefcfd0000 - 0x000007fefcfdf000 	C:\Windows\system32\profapi.dll
0x000007fefa2d0000 - 0x000007fefa2e0000 	C:\Program Files (x86)\JetBrains\IntelliJ IDEA Community Edition 2016.2.5\bin\breakgen64.dll
0x0000000074610000 - 0x000000007462a000 	C:\Program Files\Java\jdk1.8.0_111\jre\bin\net.dll
0x000007fefc770000 - 0x000007fefc7c5000 	C:\Windows\system32\mswsock.dll
0x000007fefc760000 - 0x000007fefc767000 	C:\Windows\System32\wship6.dll
0x000007fefc7d0000 - 0x000007fefc7e8000 	C:\Windows\system32\CRYPTSP.dll
0x000007fefc4d0000 - 0x000007fefc517000 	C:\Windows\system32\rsaenh.dll
0x000007fefd240000 - 0x000007fefd25e000 	C:\Windows\system32\USERENV.dll
0x000007fefce30000 - 0x000007fefce3f000 	C:\Windows\system32\CRYPTBASE.dll
0x000007fefa990000 - 0x000007fefa9b7000 	C:\Windows\system32\IPHLPAPI.DLL
0x000007fefa980000 - 0x000007fefa98b000 	C:\Windows\system32\WINNSI.DLL
0x000007fefa810000 - 0x000007fefa821000 	C:\Windows\system32\dhcpcsvc6.DLL
0x000007fefa790000 - 0x000007fefa7a8000 	C:\Windows\system32\dhcpcsvc.DLL
0x00000000745f0000 - 0x0000000074601000 	C:\Program Files\Java\jdk1.8.0_111\jre\bin\nio.dll
0x000007fefb010000 - 0x000007fefb025000 	C:\Windows\system32\NLAapi.dll
0x000007fef9d40000 - 0x000007fef9d55000 	C:\Windows\system32\napinsp.dll
0x000007fef9d60000 - 0x000007fef9d79000 	C:\Windows\system32\pnrpnsp.dll
0x000007fefc5f0000 - 0x000007fefc64b000 	C:\Windows\system32\DNSAPI.dll
0x000007fef9d30000 - 0x000007fef9d3b000 	C:\Windows\System32\winrnr.dll
0x000007fefc180000 - 0x000007fefc187000 	C:\Windows\System32\wshtcpip.dll
0x000007fefa040000 - 0x000007fefa048000 	C:\Windows\system32\rasadhlp.dll
0x000007fefa840000 - 0x000007fefa893000 	C:\Windows\System32\fwpuclnt.dll
0x0000000065980000 - 0x000000006598d000 	C:\Program Files\Java\jdk1.8.0_111\jre\bin\management.dll
0x0000000064520000 - 0x0000000064544000 	C:\Program Files\Java\jdk1.8.0_111\jre\bin\sunec.dll
0x000007fefcdd0000 - 0x000007fefce27000 	C:\Windows\system32\apphelp.dll
0x000007fef4910000 - 0x000007fef4a35000 	C:\Windows\system32\dbghelp.dll

VM Arguments:
jvm_args: -ea -Didea.launcher.port=7548 -Didea.launcher.bin.path=C:\Program Files (x86)\JetBrains\IntelliJ IDEA Community Edition 2016.2.5\bin -Didea.testng.sm_runner -Dfile.encoding=UTF-8 
java_command: com.intellij.rt.execution.application.AppMain org.testng.RemoteTestNGStarter -port 59373 -usedefaultlisteners false -socket59374 @w@C:\Users\anastasiashumskaya\AppData\Local\Temp\idea_working_dirs_testng.tmp -temp C:\Users\anastasiashumskaya\AppData\Local\Temp\idea_testng.tmp
java_class_path (initial): C:\Program Files (x86)\JetBrains\IntelliJ IDEA Community Edition 2016.2.5\lib\idea_rt.jar;C:\Program Files (x86)\JetBrains\IntelliJ IDEA Community Edition 2016.2.5\plugins\testng\lib\testng-plugin.jar;C:\Program Files\Java\jdk1.8.0_111\jre\lib\charsets.jar;C:\Program Files\Java\jdk1.8.0_111\jre\lib\deploy.jar;C:\Program Files\Java\jdk1.8.0_111\jre\lib\ext\access-bridge-64.jar;C:\Program Files\Java\jdk1.8.0_111\jre\lib\ext\cldrdata.jar;C:\Program Files\Java\jdk1.8.0_111\jre\lib\ext\dnsns.jar;C:\Program Files\Java\jdk1.8.0_111\jre\lib\ext\jaccess.jar;C:\Program Files\Java\jdk1.8.0_111\jre\lib\ext\jfxrt.jar;C:\Program Files\Java\jdk1.8.0_111\jre\lib\ext\localedata.jar;C:\Program Files\Java\jdk1.8.0_111\jre\lib\ext\nashorn.jar;C:\Program Files\Java\jdk1.8.0_111\jre\lib\ext\sunec.jar;C:\Program Files\Java\jdk1.8.0_111\jre\lib\ext\sunjce_provider.jar;C:\Program Files\Java\jdk1.8.0_111\jre\lib\ext\sunmscapi.jar;C:\Program Files\Java\jdk1.8.0_111\jre\lib\ext\sunpkcs11.jar;C:\Program Files\Java\jdk1.8.0_111\jre\lib\ext\zipfs.jar;C:\Program Files\Java\jdk1.8.0_111\jre\lib\javaws.jar;C:\Program Files\Java\jdk1.8.0_111\jre\lib\jce.jar;C:\Program Files\Java\jdk1.8.0_111\jre\lib\jfr.jar;C:\Program Files\Java\jdk1.8.0_111\jre\lib\jfxswt.jar;C:\Program Files\Java\jdk1.8.0_111\jre\lib\jsse.jar;C:\Program Files\Java\jdk1.8.0_111\jre\lib\management-agent.jar;C:\Program Files\Java\jdk1.8.0_111\jre\lib\plugin.jar;C:\Program Files\Java\jdk1.8.0_111\jre\lib\resources.jar;C:\Program Files\Java\jdk1.8.0_111\jre\lib\rt.jar;D:\Task11\target\test-classes;D:\Task11\target\classes;C:\Users\anastasiashumskaya\.m2\repository\com\google\code\gson\gson\2.6.2\gson-2.6.2.jar;C:\Users\anastasiashumskaya\.m2\repository\org\apache\poi\poi-ooxml\3.11\poi-ooxml-3.11.jar;C:\Users\anastasiashumskaya\.m2\repository\org\apache\poi\poi\3.11\poi-3.11.jar;C:\Users\anastasiashumskaya\.m2\repository\org\apache\poi\poi-ooxml-schemas\3.11\poi-ooxml-schemas-3.11.jar;C:\Users\anastasiashums
Launcher Type: SUN_STANDARD

Environment Variables:
JAVA_HOME=c:\Program Files\Java\jdk1.8.0_111\
PATH=C:\ProgramData\Oracle\Java\javapath;C:\Windows\system32;C:\Windows;C:\Windows\System32\Wbem;C:\Windows\System32\WindowsPowerShell\v1.0\;C:\Program Files (x86)\Skype\Phone\;c:\Users\anastasiashumskaya\apache-maven-3.3.9\bin;C:\Program Files\Git\cmd;d:\Nastya\phantomjs-2.1.1-windows\bin;
USERNAME=AnastasiaShumskaya
OS=Windows_NT
PROCESSOR_IDENTIFIER=Intel64 Family 6 Model 58 Stepping 9, GenuineIntel



---------------  S Y S T E M  ---------------

OS: Windows 7 , 64 bit Build 7601 (6.1.7601.23572)

CPU:total 8 (4 cores per cpu, 2 threads per core) family 6 model 58 stepping 9, cmov, cx8, fxsr, mmx, sse, sse2, sse3, ssse3, sse4.1, sse4.2, popcnt, avx, aes, clmul, erms, ht, tsc, tscinvbit, tscinv

Memory: 4k page, physical 16599212k(10315508k free), swap 33196564k(26094212k free)

vm_info: Java HotSpot(TM) 64-Bit Server VM (25.111-b14) for windows-amd64 JRE (1.8.0_111-b14), built on Sep 22 2016 19:24:05 by "java_re" with MS VC++ 10.0 (VS2010)

time: Mon Dec 19 14:36:18 2016
elapsed time: 14 seconds (0d 0h 0m 14s)

